<?xml version="1.0" encoding="UTF-8"?>
<coverage generated="1780415302104" clover="3.2.0">
  <project timestamp="1780415302105" name="All files">
    <metrics statements="55" coveredstatements="46" conditionals="16" coveredconditionals="9" methods="11" coveredmethods="11" elements="82" coveredelements="66" complexity="0" loc="55" ncloc="55" packages="1" files="1" classes="1"/>
    <file name="AuthContext.js" path="C:\Users\cariasv.srv\OneDrive - Chileatiende\Escritorio\TeamW\TeamW\src\contexts\AuthContext.js">
      <metrics statements="55" coveredstatements="46" conditionals="16" coveredconditionals="9" methods="11" coveredmethods="11"/>
      <line num="5" count="1" type="stmt"/>
      <line num="6" count="1" type="stmt"/>
      <line num="7" count="18" type="stmt"/>
      <line num="8" count="18" type="stmt"/>
      <line num="9" count="18" type="stmt"/>
      <line num="11" count="18" type="stmt"/>
      <line num="13" count="18" type="stmt"/>
      <line num="15" count="9" type="stmt"/>
      <line num="16" count="9" type="cond" truecount="2" falsecount="0"/>
      <line num="17" count="2" type="stmt"/>
      <line num="18" count="2" type="stmt"/>
      <line num="20" count="7" type="stmt"/>
      <line num="25" count="9" type="stmt"/>
      <line num="26" count="1" type="stmt"/>
      <line num="28" count="1" type="cond" truecount="1" falsecount="1"/>
      <line num="30" count="1" type="stmt"/>
      <line num="31" count="1" type="cond" truecount="1" falsecount="1"/>
      <line num="32" count="1" type="stmt"/>
      <line num="33" count="0" type="cond" truecount="0" falsecount="2"/>
      <line num="34" count="0" type="stmt"/>
      <line num="35" count="0" type="stmt"/>
      <line num="36" count="0" type="stmt"/>
      <line num="38" count="0" type="stmt"/>
      <line num="39" count="0" type="stmt"/>
      <line num="40" count="0" type="stmt"/>
      <line num="41" count="0" type="stmt"/>
      <line num="45" count="9" type="stmt"/>
      <line num="48" count="18" type="stmt"/>
      <line num="49" count="2" type="stmt"/>
      <line num="50" count="2" type="stmt"/>
      <line num="55" count="2" type="cond" truecount="1" falsecount="1"/>
      <line num="56" count="2" type="stmt"/>
      <line num="58" count="0" type="stmt"/>
      <line num="60" count="2" type="stmt"/>
      <line num="64" count="18" type="stmt"/>
      <line num="65" count="1" type="stmt"/>
      <line num="68" count="18" type="stmt"/>
      <line num="69" count="1" type="stmt"/>
      <line num="76" count="18" type="stmt"/>
      <line num="77" count="1" type="stmt"/>
      <line num="78" count="1" type="cond" truecount="1" falsecount="1"/>
      <line num="79" count="1" type="stmt"/>
      <line num="80" count="1" type="stmt"/>
      <line num="81" count="1" type="stmt"/>
      <line num="83" count="1" type="stmt"/>
      <line num="86" count="18" type="stmt"/>
      <line num="87" count="1" type="cond" truecount="1" falsecount="1"/>
      <line num="91" count="1" type="stmt"/>
      <line num="93" count="1" type="stmt"/>
      <line num="98" count="18" type="stmt"/>
      <line num="110" count="18" type="stmt"/>
      <line num="113" count="1" type="stmt"/>
      <line num="114" count="21" type="stmt"/>
      <line num="115" count="20" type="cond" truecount="2" falsecount="0"/>
      <line num="116" count="18" type="stmt"/>
    </file>
  </project>
</coverage>
