{"C:\\Users\\cariasv.srv\\OneDrive - Chileatiende\\Escritorio\\TeamW\\TeamW\\src\\contexts\\AuthContext.js": {"path":"C:\\Users\\cariasv.srv\\OneDrive - Chileatiende\\Escritorio\\TeamW\\TeamW\\src\\contexts\\AuthContext.js","statementMap":{"0":{"start":{"line":5,"column":20},"end":{"line":5,"column":39}},"1":{"start":{"line":6,"column":28},"end":{"line":111,"column":1}},"2":{"start":{"line":7,"column":26},"end":{"line":7,"column":40}},"3":{"start":{"line":8,"column":32},"end":{"line":8,"column":46}},"4":{"start":{"line":9,"column":32},"end":{"line":9,"column":46}},"5":{"start":{"line":11,"column":42},"end":{"line":11,"column":57}},"6":{"start":{"line":13,"column":2},"end":{"line":46,"column":9}},"7":{"start":{"line":15,"column":4},"end":{"line":22,"column":7}},"8":{"start":{"line":16,"column":6},"end":{"line":21,"column":7}},"9":{"start":{"line":17,"column":8},"end":{"line":17,"column":30}},"10":{"start":{"line":18,"column":8},"end":{"line":18,"column":37}},"11":{"start":{"line":20,"column":8},"end":{"line":20,"column":26}},"12":{"start":{"line":25,"column":39},"end":{"line":43,"column":6}},"13":{"start":{"line":26,"column":6},"end":{"line":26,"column":44}},"14":{"start":{"line":28,"column":6},"end":{"line":42,"column":7}},"15":{"start":{"line":30,"column":8},"end":{"line":30,"column":30}},"16":{"start":{"line":31,"column":8},"end":{"line":31,"column":39}},"17":{"start":{"line":32,"column":8},"end":{"line":32,"column":26}},"18":{"start":{"line":33,"column":13},"end":{"line":42,"column":7}},"19":{"start":{"line":34,"column":8},"end":{"line":34,"column":30}},"20":{"start":{"line":35,"column":8},"end":{"line":35,"column":43}},"21":{"start":{"line":36,"column":8},"end":{"line":36,"column":31}},"22":{"start":{"line":38,"column":8},"end":{"line":38,"column":22}},"23":{"start":{"line":39,"column":8},"end":{"line":39,"column":25}},"24":{"start":{"line":40,"column":8},"end":{"line":40,"column":31}},"25":{"start":{"line":41,"column":8},"end":{"line":41,"column":26}},"26":{"start":{"line":45,"column":4},"end":{"line":45,"column":44}},"27":{"start":{"line":45,"column":17},"end":{"line":45,"column":43}},"28":{"start":{"line":48,"column":22},"end":{"line":62,"column":3}},"29":{"start":{"line":49,"column":4},"end":{"line":61,"column":5}},"30":{"start":{"line":50,"column":30},"end":{"line":54,"column":17}},"31":{"start":{"line":55,"column":6},"end":{"line":55,"column":29}},"32":{"start":{"line":55,"column":17},"end":{"line":55,"column":29}},"33":{"start":{"line":56,"column":6},"end":{"line":56,"column":23}},"34":{"start":{"line":58,"column":6},"end":{"line":58,"column":53}},"35":{"start":{"line":60,"column":6},"end":{"line":60,"column":24}},"36":{"start":{"line":64,"column":17},"end":{"line":66,"column":3}},"37":{"start":{"line":65,"column":4},"end":{"line":65,"column":71}},"38":{"start":{"line":68,"column":17},"end":{"line":74,"column":3}},"39":{"start":{"line":69,"column":4},"end":{"line":73,"column":7}},"40":{"start":{"line":76,"column":18},"end":{"line":84,"column":3}},"41":{"start":{"line":77,"column":22},"end":{"line":77,"column":51}},"42":{"start":{"line":78,"column":4},"end":{"line":82,"column":5}},"43":{"start":{"line":79,"column":6},"end":{"line":79,"column":20}},"44":{"start":{"line":80,"column":6},"end":{"line":80,"column":23}},"45":{"start":{"line":81,"column":6},"end":{"line":81,"column":29}},"46":{"start":{"line":83,"column":4},"end":{"line":83,"column":21}},"47":{"start":{"line":86,"column":26},"end":{"line":96,"column":5}},"48":{"start":{"line":87,"column":26},"end":{"line":89,"column":84}},"49":{"start":{"line":91,"column":6},"end":{"line":91,"column":53}},"50":{"start":{"line":93,"column":6},"end":{"line":95,"column":9}},"51":{"start":{"line":98,"column":16},"end":{"line":108,"column":3}},"52":{"start":{"line":110,"column":2},"end":{"line":110,"column":79}},"53":{"start":{"line":113,"column":23},"end":{"line":117,"column":1}},"54":{"start":{"line":114,"column":18},"end":{"line":114,"column":41}},"55":{"start":{"line":115,"column":2},"end":{"line":115,"column":79}},"56":{"start":{"line":115,"column":16},"end":{"line":115,"column":79}},"57":{"start":{"line":116,"column":2},"end":{"line":116,"column":17}}},"fnMap":{"0":{"name":"(anonymous_0)","decl":{"start":{"line":6,"column":28},"end":{"line":6,"column":29}},"loc":{"start":{"line":6,"column":46},"end":{"line":111,"column":1}},"line":6},"1":{"name":"(anonymous_1)","decl":{"start":{"line":13,"column":12},"end":{"line":13,"column":13}},"loc":{"start":{"line":13,"column":18},"end":{"line":46,"column":3}},"line":13},"2":{"name":"(anonymous_2)","decl":{"start":{"line":15,"column":36},"end":{"line":15,"column":37}},"loc":{"start":{"line":15,"column":63},"end":{"line":22,"column":5}},"line":15},"3":{"name":"(anonymous_3)","decl":{"start":{"line":25,"column":71},"end":{"line":25,"column":72}},"loc":{"start":{"line":25,"column":97},"end":{"line":43,"column":5}},"line":25},"4":{"name":"(anonymous_4)","decl":{"start":{"line":45,"column":11},"end":{"line":45,"column":12}},"loc":{"start":{"line":45,"column":17},"end":{"line":45,"column":43}},"line":45},"5":{"name":"(anonymous_5)","decl":{"start":{"line":48,"column":22},"end":{"line":48,"column":23}},"loc":{"start":{"line":48,"column":40},"end":{"line":62,"column":3}},"line":48},"6":{"name":"(anonymous_6)","decl":{"start":{"line":64,"column":17},"end":{"line":64,"column":18}},"loc":{"start":{"line":64,"column":44},"end":{"line":66,"column":3}},"line":64},"7":{"name":"(anonymous_7)","decl":{"start":{"line":68,"column":17},"end":{"line":68,"column":18}},"loc":{"start":{"line":68,"column":54},"end":{"line":74,"column":3}},"line":68},"8":{"name":"(anonymous_8)","decl":{"start":{"line":76,"column":18},"end":{"line":76,"column":19}},"loc":{"start":{"line":76,"column":30},"end":{"line":84,"column":3}},"line":76},"9":{"name":"(anonymous_9)","decl":{"start":{"line":86,"column":26},"end":{"line":86,"column":27}},"loc":{"start":{"line":86,"column":43},"end":{"line":96,"column":5}},"line":86},"10":{"name":"(anonymous_10)","decl":{"start":{"line":113,"column":23},"end":{"line":113,"column":24}},"loc":{"start":{"line":113,"column":29},"end":{"line":117,"column":1}},"line":113}},"branchMap":{"0":{"loc":{"start":{"line":16,"column":6},"end":{"line":21,"column":7}},"type":"if","locations":[{"start":{"line":16,"column":6},"end":{"line":21,"column":7}},{"start":{"line":19,"column":13},"end":{"line":21,"column":7}}],"line":16},"1":{"loc":{"start":{"line":28,"column":6},"end":{"line":42,"column":7}},"type":"if","locations":[{"start":{"line":28,"column":6},"end":{"line":42,"column":7}},{"start":{"line":33,"column":13},"end":{"line":42,"column":7}}],"line":28},"2":{"loc":{"start":{"line":31,"column":16},"end":{"line":31,"column":37}},"type":"binary-expr","locations":[{"start":{"line":31,"column":16},"end":{"line":31,"column":29}},{"start":{"line":31,"column":33},"end":{"line":31,"column":37}}],"line":31},"3":{"loc":{"start":{"line":33,"column":13},"end":{"line":42,"column":7}},"type":"if","locations":[{"start":{"line":33,"column":13},"end":{"line":42,"column":7}},{"start":{"line":37,"column":13},"end":{"line":42,"column":7}}],"line":33},"4":{"loc":{"start":{"line":55,"column":6},"end":{"line":55,"column":29}},"type":"if","locations":[{"start":{"line":55,"column":6},"end":{"line":55,"column":29}},{"start":{},"end":{}}],"line":55},"5":{"loc":{"start":{"line":78,"column":4},"end":{"line":82,"column":5}},"type":"if","locations":[{"start":{"line":78,"column":4},"end":{"line":82,"column":5}},{"start":{},"end":{}}],"line":78},"6":{"loc":{"start":{"line":87,"column":26},"end":{"line":89,"column":84}},"type":"cond-expr","locations":[{"start":{"line":88,"column":10},"end":{"line":88,"column":55}},{"start":{"line":89,"column":10},"end":{"line":89,"column":84}}],"line":87},"7":{"loc":{"start":{"line":115,"column":2},"end":{"line":115,"column":79}},"type":"if","locations":[{"start":{"line":115,"column":2},"end":{"line":115,"column":79}},{"start":{},"end":{}}],"line":115}},"s":{"0":1,"1":1,"2":18,"3":18,"4":18,"5":18,"6":18,"7":9,"8":9,"9":2,"10":2,"11":7,"12":9,"13":1,"14":1,"15":1,"16":1,"17":1,"18":0,"19":0,"20":0,"21":0,"22":0,"23":0,"24":0,"25":0,"26":9,"27":9,"28":18,"29":2,"30":2,"31":2,"32":0,"33":2,"34":0,"35":2,"36":18,"37":1,"38":18,"39":1,"40":18,"41":1,"42":1,"43":1,"44":1,"45":1,"46":1,"47":18,"48":1,"49":1,"50":1,"51":18,"52":18,"53":1,"54":21,"55":20,"56":2,"57":18},"f":{"0":18,"1":9,"2":9,"3":1,"4":9,"5":2,"6":1,"7":1,"8":1,"9":1,"10":21},"b":{"0":[2,7],"1":[1,0],"2":[1,0],"3":[0,0],"4":[0,2],"5":[1,0],"6":[1,0],"7":[2,18]},"_coverageSchema":"1a1c01bbd47fc00a2c39e90264f33305004495a9","hash":"e1db0eca3617ecdda882b385166e8da5d2786a97"}
}
