TN:
SF:src\contexts\AuthContext.js
FN:6,(anonymous_0)
FN:13,(anonymous_1)
FN:15,(anonymous_2)
FN:25,(anonymous_3)
FN:45,(anonymous_4)
FN:48,(anonymous_5)
FN:64,(anonymous_6)
FN:68,(anonymous_7)
FN:76,(anonymous_8)
FN:86,(anonymous_9)
FN:113,(anonymous_10)
FNF:11
FNH:11
FNDA:18,(anonymous_0)
FNDA:9,(anonymous_1)
FNDA:9,(anonymous_2)
FNDA:1,(anonymous_3)
FNDA:9,(anonymous_4)
FNDA:2,(anonymous_5)
FNDA:1,(anonymous_6)
FNDA:1,(anonymous_7)
FNDA:1,(anonymous_8)
FNDA:1,(anonymous_9)
FNDA:21,(anonymous_10)
DA:5,1
DA:6,1
DA:7,18
DA:8,18
DA:9,18
DA:11,18
DA:13,18
DA:15,9
DA:16,9
DA:17,2
DA:18,2
DA:20,7
DA:25,9
DA:26,1
DA:28,1
DA:30,1
DA:31,1
DA:32,1
DA:33,0
DA:34,0
DA:35,0
DA:36,0
DA:38,0
DA:39,0
DA:40,0
DA:41,0
DA:45,9
DA:48,18
DA:49,2
DA:50,2
DA:55,2
DA:56,2
DA:58,0
DA:60,2
DA:64,18
DA:65,1
DA:68,18
DA:69,1
DA:76,18
DA:77,1
DA:78,1
DA:79,1
DA:80,1
DA:81,1
DA:83,1
DA:86,18
DA:87,1
DA:91,1
DA:93,1
DA:98,18
DA:110,18
DA:113,1
DA:114,21
DA:115,20
DA:116,18
LF:55
LH:46
BRDA:16,0,0,2
BRDA:16,0,1,7
BRDA:28,1,0,1
BRDA:28,1,1,0
BRDA:31,2,0,1
BRDA:31,2,1,0
BRDA:33,3,0,0
BRDA:33,3,1,0
BRDA:55,4,0,0
BRDA:55,4,1,2
BRDA:78,5,0,1
BRDA:78,5,1,0
BRDA:87,6,0,1
BRDA:87,6,1,0
BRDA:115,7,0,2
BRDA:115,7,1,18
BRF:16
BRH:9
end_of_record
